<?xml version="1.0" encoding="UTF-8"?>
<!-- Generated by org.testng.reporters.JUnitXMLReporter -->
<testsuite ignored="0" hostname="DESKTOP-943C53J" failures="0" tests="30" name="air" time="0.171" errors="0" timestamp="23 5月 2020 03:16:27 GMT">
  <testcase classname="com.ari.AirTest" name="testCaculate_cost" time="0.026"/>
  <testcase classname="com.ari.AirTest" name="testCaculate_cost" time="0.003"/>
  <testcase classname="com.ari.AirTest" name="testCaculate_cost" time="0.0"/>
  <testcase classname="com.ari.AirTest" name="testCaculate_cost" time="0.001"/>
  <testcase classname="com.ari.AirTest" name="testCaculate_cost" time="0.001"/>
  <testcase classname="com.ari.AirTest" name="testCaculate_cost" time="0.001"/>
  <testcase classname="com.ari.AirTest" name="testCaculate_cost" time="0.0"/>
  <testcase classname="com.ari.AirTest" name="testCaculate_cost" time="0.006"/>
  <testcase classname="com.ari.AirTest" name="testCaculate_cost" time="0.001"/>
  <testcase classname="com.ari.AirTest" name="testCaculate_cost" time="0.002"/>
  <testcase classname="com.ari.AirTest" name="testCaculate_cost" time="0.002"/>
  <testcase classname="com.ari.AirTest" name="testCaculate_cost" time="0.001"/>
  <testcase classname="com.ari.AirTest" name="testCaculate_cost" time="0.001"/>
  <testcase classname="com.ari.AirTest" name="testCaculate_cost" time="0.0"/>
  <testcase classname="com.ari.AirTest" name="testCaculate_cost" time="0.001"/>
  <testcase classname="com.ari.AirTest" name="testCaculate_cost" time="0.003"/>
  <testcase classname="com.ari.AirTest" name="testCaculate_cost" time="0.0"/>
  <testcase classname="com.ari.AirTest" name="testCaculate_cost" time="0.0"/>
  <testcase classname="com.ari.AirTest" name="testCaculate_cost" time="0.0"/>
  <testcase classname="com.ari.AirTest" name="testCaculate_cost" time="0.0"/>
  <testcase classname="com.ari.AirTest" name="testCaculate_cost" time="0.0"/>
  <testcase classname="com.ari.AirTest" name="testCaculate_cost" time="0.0"/>
  <testcase classname="com.ari.AirTest" name="testCaculate_cost" time="0.001"/>
  <testcase classname="com.ari.AirTest" name="testCaculate_cost" time="0.001"/>
  <testcase classname="com.ari.AirTest" name="testCaculate_cost" time="0.001"/>
  <testcase classname="com.ari.AirTest" name="testCaculate_cost" time="0.001"/>
  <testcase classname="com.ari.AirTest" name="testCaculate_cost" time="0.001"/>
  <testcase classname="com.ari.AirTest" name="testCaculate_cost" time="0.002"/>
  <testcase classname="com.ari.AirTest" name="testCaculate_cost" time="0.001"/>
  <testcase classname="com.ari.AirTest" name="testCaculate_cost" time="0.005"/>
</testsuite> <!-- air -->
