<?xml version="1.0" encoding="UTF-8"?>
<!-- Generated by org.testng.reporters.JUnitReportReporter -->
<testsuite hostname="DESKTOP-943C53J" failures="0" tests="30" name="com.ari.AirTest" time="0.103" errors="0" timestamp="23 5月 2020 03:16:27 GMT" skipped="0">
  <testcase classname="com.ari.AirTest" name="testCaculate_cost" time="0.002"/>
  <testcase classname="com.ari.AirTest" name="testCaculate_cost" time="0.003"/>
  <testcase classname="com.ari.AirTest" name="testCaculate_cost" time="0.002"/>
  <testcase classname="com.ari.AirTest" name="testCaculate_cost" time="0.004"/>
  <testcase classname="com.ari.AirTest" name="testCaculate_cost" time="0.001"/>
  <testcase classname="com.ari.AirTest" name="testCaculate_cost" time="0.003"/>
  <testcase classname="com.ari.AirTest" name="testCaculate_cost" time="0.002"/>
  <testcase classname="com.ari.AirTest" name="testCaculate_cost" time="0.007"/>
  <testcase classname="com.ari.AirTest" name="testCaculate_cost" time="0.003"/>
  <testcase classname="com.ari.AirTest" name="testCaculate_cost" time="0.004"/>
  <testcase classname="com.ari.AirTest" name="testCaculate_cost" time="0.002"/>
  <testcase classname="com.ari.AirTest" name="testCaculate_cost" time="0.000"/>
  <testcase classname="com.ari.AirTest" name="testCaculate_cost" time="0.002"/>
  <testcase classname="com.ari.AirTest" name="testCaculate_cost" time="0.028"/>
  <testcase classname="com.ari.AirTest" name="testCaculate_cost" time="0.001"/>
  <testcase classname="com.ari.AirTest" name="testCaculate_cost" time="0.002"/>
  <testcase classname="com.ari.AirTest" name="testCaculate_cost" time="0.003"/>
  <testcase classname="com.ari.AirTest" name="testCaculate_cost" time="0.002"/>
  <testcase classname="com.ari.AirTest" name="testCaculate_cost" time="0.003"/>
  <testcase classname="com.ari.AirTest" name="testCaculate_cost" time="0.001"/>
  <testcase classname="com.ari.AirTest" name="testCaculate_cost" time="0.003"/>
  <testcase classname="com.ari.AirTest" name="testCaculate_cost" time="0.000"/>
  <testcase classname="com.ari.AirTest" name="testCaculate_cost" time="0.000"/>
  <testcase classname="com.ari.AirTest" name="testCaculate_cost" time="0.003"/>
  <testcase classname="com.ari.AirTest" name="testCaculate_cost" time="0.003"/>
  <testcase classname="com.ari.AirTest" name="testCaculate_cost" time="0.012"/>
  <testcase classname="com.ari.AirTest" name="testCaculate_cost" time="0.005"/>
  <testcase classname="com.ari.AirTest" name="testCaculate_cost" time="0.000"/>
  <testcase classname="com.ari.AirTest" name="testCaculate_cost" time="0.001"/>
  <testcase classname="com.ari.AirTest" name="testCaculate_cost" time="0.001"/>
</testsuite> <!-- com.ari.AirTest -->
